2025-05-25 20:01:47 [restartedMain] INFO  o.e.t.TourplannerBackendApplication - Starting TourplannerBackendApplication using Java 22.0.2 with PID 7385 (/Users/mo/Desktop/UNI/SEM4/Swen2/TourplannerBackend/target/classes started by mo in /Users/mo/Desktop/UNI/SEM4/Swen2/TourplannerBackend)
2025-05-25 20:01:47 [restartedMain] DEBUG o.e.t.TourplannerBackendApplication - Running with Spring Boot v3.5.0, Spring v6.2.7
2025-05-25 20:01:47 [restartedMain] INFO  o.e.t.TourplannerBackendApplication - No active profile set, falling back to 1 default profile: "default"
2025-05-25 20:01:47 [restartedMain] INFO  o.s.b.d.e.DevToolsPropertyDefaultsPostProcessor - Devtools property defaults active! Set 'spring.devtools.add-properties' to 'false' to disable
2025-05-25 20:01:47 [restartedMain] INFO  o.s.b.d.e.DevToolsPropertyDefaultsPostProcessor - For additional web related logging consider setting the 'logging.level.web' property to 'DEBUG'
2025-05-25 20:01:47 [restartedMain] INFO  o.s.d.r.c.RepositoryConfigurationDelegate - Bootstrapping Spring Data JPA repositories in DEFAULT mode.
2025-05-25 20:01:47 [restartedMain] INFO  o.s.d.r.c.RepositoryConfigurationDelegate - Finished Spring Data repository scanning in 18 ms. Found 2 JPA repository interfaces.
2025-05-25 20:01:47 [restartedMain] INFO  o.s.b.w.e.tomcat.TomcatWebServer - Tomcat initialized with port 8080 (http)
2025-05-25 20:01:47 [restartedMain] INFO  o.a.catalina.core.StandardService - Starting service [Tomcat]
2025-05-25 20:01:47 [restartedMain] INFO  o.a.catalina.core.StandardEngine - Starting Servlet engine: [Apache Tomcat/10.1.41]
2025-05-25 20:01:47 [restartedMain] INFO  o.a.c.c.C.[Tomcat].[localhost].[/] - Initializing Spring embedded WebApplicationContext
2025-05-25 20:01:47 [restartedMain] INFO  o.s.b.w.s.c.ServletWebServerApplicationContext - Root WebApplicationContext: initialization completed in 704 ms
2025-05-25 20:01:48 [restartedMain] INFO  o.h.jpa.internal.util.LogHelper - HHH000204: Processing PersistenceUnitInfo [name: default]
2025-05-25 20:01:48 [restartedMain] INFO  org.hibernate.Version - HHH000412: Hibernate ORM core version 6.6.15.Final
2025-05-25 20:01:48 [restartedMain] INFO  o.h.c.i.RegionFactoryInitiator - HHH000026: Second-level cache disabled
2025-05-25 20:01:48 [restartedMain] INFO  o.s.o.j.p.SpringPersistenceUnitInfo - No LoadTimeWeaver setup: ignoring JPA class transformer
2025-05-25 20:01:48 [restartedMain] INFO  com.zaxxer.hikari.HikariDataSource - HikariPool-1 - Starting...
2025-05-25 20:01:48 [restartedMain] INFO  com.zaxxer.hikari.pool.HikariPool - HikariPool-1 - Added connection org.postgresql.jdbc.PgConnection@5cfb06e6
2025-05-25 20:01:48 [restartedMain] INFO  com.zaxxer.hikari.HikariDataSource - HikariPool-1 - Start completed.
2025-05-25 20:01:48 [restartedMain] WARN  org.hibernate.orm.deprecation - HHH90000025: PostgreSQLDialect does not need to be specified explicitly using 'hibernate.dialect' (remove the property setting and it will be selected by default)
2025-05-25 20:01:48 [restartedMain] INFO  o.hibernate.orm.connections.pooling - HHH10001005: Database info:
	Database JDBC URL [Connecting through datasource 'HikariDataSource (HikariPool-1)']
	Database driver: undefined/unknown
	Database version: 15.13
	Autocommit mode: undefined/unknown
	Isolation level: undefined/unknown
	Minimum pool size: undefined/unknown
	Maximum pool size: undefined/unknown
2025-05-25 20:01:48 [restartedMain] INFO  o.h.e.t.j.p.i.JtaPlatformInitiator - HHH000489: No JTA platform available (set 'hibernate.transaction.jta.platform' to enable JTA platform integration)
2025-05-25 20:01:48 [restartedMain] DEBUG org.hibernate.SQL - 
    set client_min_messages = WARNING
2025-05-25 20:01:48 [restartedMain] DEBUG org.hibernate.SQL - 
    alter table if exists tour_logs 
       drop constraint if exists FKjv0inmm9mr1w8axyxa2h3ya14
2025-05-25 20:01:48 [restartedMain] DEBUG org.hibernate.SQL - 
    drop table if exists tour_logs cascade
2025-05-25 20:01:48 [restartedMain] DEBUG org.hibernate.SQL - 
    drop table if exists tours cascade
2025-05-25 20:01:48 [restartedMain] DEBUG org.hibernate.SQL - 
    create table tour_logs (
        difficulty integer not null check ((difficulty<=10) and (difficulty>=1)),
        rating integer not null check ((rating>=1) and (rating<=5)),
        total_distance float(53) not null,
        total_time integer not null,
        created_at timestamp(6),
        date timestamp(6) not null,
        id bigint generated by default as identity,
        tour_id bigint not null,
        updated_at timestamp(6),
        comment TEXT,
        primary key (id)
    )
2025-05-25 20:01:48 [restartedMain] DEBUG org.hibernate.SQL - 
    create table tours (
        distance float(53),
        estimated_time integer,
        created_at timestamp(6),
        id bigint generated by default as identity,
        updated_at timestamp(6),
        description TEXT,
        from_location varchar(255) not null,
        name varchar(255) not null,
        route_image_path varchar(255),
        to_location varchar(255) not null,
        transport_type varchar(255) not null,
        primary key (id)
    )
2025-05-25 20:01:48 [restartedMain] DEBUG org.hibernate.SQL - 
    alter table if exists tour_logs 
       add constraint FKjv0inmm9mr1w8axyxa2h3ya14 
       foreign key (tour_id) 
       references tours
2025-05-25 20:01:49 [restartedMain] INFO  o.s.o.j.LocalContainerEntityManagerFactoryBean - Initialized JPA EntityManagerFactory for persistence unit 'default'
2025-05-25 20:01:49 [restartedMain] INFO  o.s.d.j.r.query.QueryEnhancerFactory - Hibernate is in classpath; If applicable, HQL parser will be used.
2025-05-25 20:01:49 [restartedMain] WARN  o.s.b.w.s.c.AnnotationConfigServletWebServerApplicationContext - Exception encountered during context initialization - cancelling refresh attempt: org.springframework.beans.factory.UnsatisfiedDependencyException: Error creating bean with name 'tourController' defined in file [/Users/mo/Desktop/UNI/SEM4/Swen2/TourplannerBackend/target/classes/org/example/tourplannerbackend/controller/TourController.class]: Unsatisfied dependency expressed through constructor parameter 0: Error creating bean with name 'tourService' defined in file [/Users/mo/Desktop/UNI/SEM4/Swen2/TourplannerBackend/target/classes/org/example/tourplannerbackend/service/TourService.class]: Unsatisfied dependency expressed through constructor parameter 2: Error creating bean with name 'routeService' defined in file [/Users/mo/Desktop/UNI/SEM4/Swen2/TourplannerBackend/target/classes/org/example/tourplannerbackend/service/RouteService.class]: Failed to instantiate [org.example.tourplannerbackend.service.RouteService]: Constructor threw exception
2025-05-25 20:01:49 [restartedMain] INFO  o.s.o.j.LocalContainerEntityManagerFactoryBean - Closing JPA EntityManagerFactory for persistence unit 'default'
2025-05-25 20:01:49 [restartedMain] DEBUG org.hibernate.SQL - 
    set client_min_messages = WARNING
2025-05-25 20:01:49 [restartedMain] DEBUG org.hibernate.SQL - 
    alter table if exists tour_logs 
       drop constraint if exists FKjv0inmm9mr1w8axyxa2h3ya14
2025-05-25 20:01:49 [restartedMain] DEBUG org.hibernate.SQL - 
    drop table if exists tour_logs cascade
2025-05-25 20:01:49 [restartedMain] DEBUG org.hibernate.SQL - 
    drop table if exists tours cascade
2025-05-25 20:01:49 [restartedMain] INFO  com.zaxxer.hikari.HikariDataSource - HikariPool-1 - Shutdown initiated...
2025-05-25 20:01:49 [restartedMain] INFO  com.zaxxer.hikari.HikariDataSource - HikariPool-1 - Shutdown completed.
2025-05-25 20:01:49 [restartedMain] INFO  o.a.catalina.core.StandardService - Stopping service [Tomcat]
2025-05-25 20:01:50 [restartedMain] INFO  o.s.b.a.l.ConditionEvaluationReportLogger - 

Error starting ApplicationContext. To display the condition evaluation report re-run your application with 'debug' enabled.
2025-05-25 20:01:50 [restartedMain] ERROR o.s.boot.SpringApplication - Application run failed
org.springframework.beans.factory.UnsatisfiedDependencyException: Error creating bean with name 'tourController' defined in file [/Users/mo/Desktop/UNI/SEM4/Swen2/TourplannerBackend/target/classes/org/example/tourplannerbackend/controller/TourController.class]: Unsatisfied dependency expressed through constructor parameter 0: Error creating bean with name 'tourService' defined in file [/Users/mo/Desktop/UNI/SEM4/Swen2/TourplannerBackend/target/classes/org/example/tourplannerbackend/service/TourService.class]: Unsatisfied dependency expressed through constructor parameter 2: Error creating bean with name 'routeService' defined in file [/Users/mo/Desktop/UNI/SEM4/Swen2/TourplannerBackend/target/classes/org/example/tourplannerbackend/service/RouteService.class]: Failed to instantiate [org.example.tourplannerbackend.service.RouteService]: Constructor threw exception
	at org.springframework.beans.factory.support.ConstructorResolver.createArgumentArray(ConstructorResolver.java:804)
	at org.springframework.beans.factory.support.ConstructorResolver.autowireConstructor(ConstructorResolver.java:240)
	at org.springframework.beans.factory.support.AbstractAutowireCapableBeanFactory.autowireConstructor(AbstractAutowireCapableBeanFactory.java:1395)
	at org.springframework.beans.factory.support.AbstractAutowireCapableBeanFactory.createBeanInstance(AbstractAutowireCapableBeanFactory.java:1232)
	at org.springframework.beans.factory.support.AbstractAutowireCapableBeanFactory.doCreateBean(AbstractAutowireCapableBeanFactory.java:569)
	at org.springframework.beans.factory.support.AbstractAutowireCapableBeanFactory.createBean(AbstractAutowireCapableBeanFactory.java:529)
	at org.springframework.beans.factory.support.AbstractBeanFactory.lambda$doGetBean$0(AbstractBeanFactory.java:339)
	at org.springframework.beans.factory.support.DefaultSingletonBeanRegistry.getSingleton(DefaultSingletonBeanRegistry.java:373)
	at org.springframework.beans.factory.support.AbstractBeanFactory.doGetBean(AbstractBeanFactory.java:337)
	at org.springframework.beans.factory.support.AbstractBeanFactory.getBean(AbstractBeanFactory.java:202)
	at org.springframework.beans.factory.support.DefaultListableBeanFactory.instantiateSingleton(DefaultListableBeanFactory.java:1222)
	at org.springframework.beans.factory.support.DefaultListableBeanFactory.preInstantiateSingleton(DefaultListableBeanFactory.java:1188)
	at org.springframework.beans.factory.support.DefaultListableBeanFactory.preInstantiateSingletons(DefaultListableBeanFactory.java:1123)
	at org.springframework.context.support.AbstractApplicationContext.finishBeanFactoryInitialization(AbstractApplicationContext.java:987)
	at org.springframework.context.support.AbstractApplicationContext.refresh(AbstractApplicationContext.java:627)
	at org.springframework.boot.web.servlet.context.ServletWebServerApplicationContext.refresh(ServletWebServerApplicationContext.java:146)
	at org.springframework.boot.SpringApplication.refresh(SpringApplication.java:753)
	at org.springframework.boot.SpringApplication.refreshContext(SpringApplication.java:439)
	at org.springframework.boot.SpringApplication.run(SpringApplication.java:318)
	at org.springframework.boot.SpringApplication.run(SpringApplication.java:1362)
	at org.springframework.boot.SpringApplication.run(SpringApplication.java:1351)
	at org.example.tourplannerbackend.TourplannerBackendApplication.main(TourplannerBackendApplication.java:10)
	at java.base/jdk.internal.reflect.DirectMethodHandleAccessor.invoke(DirectMethodHandleAccessor.java:103)
	at java.base/java.lang.reflect.Method.invoke(Method.java:580)
	at org.springframework.boot.devtools.restart.RestartLauncher.run(RestartLauncher.java:50)
Caused by: org.springframework.beans.factory.UnsatisfiedDependencyException: Error creating bean with name 'tourService' defined in file [/Users/mo/Desktop/UNI/SEM4/Swen2/TourplannerBackend/target/classes/org/example/tourplannerbackend/service/TourService.class]: Unsatisfied dependency expressed through constructor parameter 2: Error creating bean with name 'routeService' defined in file [/Users/mo/Desktop/UNI/SEM4/Swen2/TourplannerBackend/target/classes/org/example/tourplannerbackend/service/RouteService.class]: Failed to instantiate [org.example.tourplannerbackend.service.RouteService]: Constructor threw exception
	at org.springframework.beans.factory.support.ConstructorResolver.createArgumentArray(ConstructorResolver.java:804)
	at org.springframework.beans.factory.support.ConstructorResolver.autowireConstructor(ConstructorResolver.java:240)
	at org.springframework.beans.factory.support.AbstractAutowireCapableBeanFactory.autowireConstructor(AbstractAutowireCapableBeanFactory.java:1395)
	at org.springframework.beans.factory.support.AbstractAutowireCapableBeanFactory.createBeanInstance(AbstractAutowireCapableBeanFactory.java:1232)
	at org.springframework.beans.factory.support.AbstractAutowireCapableBeanFactory.doCreateBean(AbstractAutowireCapableBeanFactory.java:569)
	at org.springframework.beans.factory.support.AbstractAutowireCapableBeanFactory.createBean(AbstractAutowireCapableBeanFactory.java:529)
	at org.springframework.beans.factory.support.AbstractBeanFactory.lambda$doGetBean$0(AbstractBeanFactory.java:339)
	at org.springframework.beans.factory.support.DefaultSingletonBeanRegistry.getSingleton(DefaultSingletonBeanRegistry.java:373)
	at org.springframework.beans.factory.support.AbstractBeanFactory.doGetBean(AbstractBeanFactory.java:337)
	at org.springframework.beans.factory.support.AbstractBeanFactory.getBean(AbstractBeanFactory.java:202)
	at org.springframework.beans.factory.support.DefaultListableBeanFactory.doResolveDependency(DefaultListableBeanFactory.java:1682)
	at org.springframework.beans.factory.support.DefaultListableBeanFactory.resolveDependency(DefaultListableBeanFactory.java:1628)
	at org.springframework.beans.factory.support.ConstructorResolver.resolveAutowiredArgument(ConstructorResolver.java:913)
	at org.springframework.beans.factory.support.ConstructorResolver.createArgumentArray(ConstructorResolver.java:791)
	... 24 common frames omitted
Caused by: org.springframework.beans.factory.BeanCreationException: Error creating bean with name 'routeService' defined in file [/Users/mo/Desktop/UNI/SEM4/Swen2/TourplannerBackend/target/classes/org/example/tourplannerbackend/service/RouteService.class]: Failed to instantiate [org.example.tourplannerbackend.service.RouteService]: Constructor threw exception
	at org.springframework.beans.factory.support.AbstractAutowireCapableBeanFactory.instantiateBean(AbstractAutowireCapableBeanFactory.java:1357)
	at org.springframework.beans.factory.support.AbstractAutowireCapableBeanFactory.createBeanInstance(AbstractAutowireCapableBeanFactory.java:1242)
	at org.springframework.beans.factory.support.AbstractAutowireCapableBeanFactory.doCreateBean(AbstractAutowireCapableBeanFactory.java:569)
	at org.springframework.beans.factory.support.AbstractAutowireCapableBeanFactory.createBean(AbstractAutowireCapableBeanFactory.java:529)
	at org.springframework.beans.factory.support.AbstractBeanFactory.lambda$doGetBean$0(AbstractBeanFactory.java:339)
	at org.springframework.beans.factory.support.DefaultSingletonBeanRegistry.getSingleton(DefaultSingletonBeanRegistry.java:373)
	at org.springframework.beans.factory.support.AbstractBeanFactory.doGetBean(AbstractBeanFactory.java:337)
	at org.springframework.beans.factory.support.AbstractBeanFactory.getBean(AbstractBeanFactory.java:202)
	at org.springframework.beans.factory.support.DefaultListableBeanFactory.doResolveDependency(DefaultListableBeanFactory.java:1682)
	at org.springframework.beans.factory.support.DefaultListableBeanFactory.resolveDependency(DefaultListableBeanFactory.java:1628)
	at org.springframework.beans.factory.support.ConstructorResolver.resolveAutowiredArgument(ConstructorResolver.java:913)
	at org.springframework.beans.factory.support.ConstructorResolver.createArgumentArray(ConstructorResolver.java:791)
	... 37 common frames omitted
Caused by: org.springframework.beans.BeanInstantiationException: Failed to instantiate [org.example.tourplannerbackend.service.RouteService]: Constructor threw exception
	at org.springframework.beans.BeanUtils.instantiateClass(BeanUtils.java:222)
	at org.springframework.beans.factory.support.SimpleInstantiationStrategy.instantiate(SimpleInstantiationStrategy.java:122)
	at org.springframework.beans.factory.support.AbstractAutowireCapableBeanFactory.instantiateBean(AbstractAutowireCapableBeanFactory.java:1351)
	... 48 common frames omitted
Caused by: java.lang.NullPointerException: null
	at java.base/java.io.File.<init>(File.java:278)
	at org.example.tourplannerbackend.service.RouteService.ensureImageDirectoryExists(RouteService.java:275)
	at org.example.tourplannerbackend.service.RouteService.<init>(RouteService.java:50)
	at java.base/jdk.internal.reflect.DirectConstructorHandleAccessor.newInstance(DirectConstructorHandleAccessor.java:62)
	at java.base/java.lang.reflect.Constructor.newInstanceWithCaller(Constructor.java:502)
	at java.base/java.lang.reflect.Constructor.newInstance(Constructor.java:486)
	at org.springframework.beans.BeanUtils.instantiateClass(BeanUtils.java:196)
	... 50 common frames omitted
